<?xml version="1.0" encoding="UTF-8"?>
<testng-results ignored="0" total="1" passed="1" failed="0" skipped="0">
  <reporter-output>
  </reporter-output>
  <suite started-at="2024-01-07T18:48:32 EST" name="Default suite" finished-at="2024-01-07T18:48:41 EST" duration-ms="9188">
    <groups>
    </groups>
    <test started-at="2024-01-07T18:48:32 EST" name="Default test" finished-at="2024-01-07T18:48:41 EST" duration-ms="9188">
      <class name="com.qa.TNTestCases.TNTestCases">
        <test-method is-config="true" signature="setup()[pri:0, instance:com.qa.TNTestCases.TNTestCases@534a5a98]" started-at="2024-01-07T18:48:32 EST" name="setup" finished-at="2024-01-07T18:48:39 EST" duration-ms="6914" status="PASS">
          <reporter-output>
          </reporter-output>
        </test-method> <!-- setup -->
        <test-method signature="loginWithValidCredentials()[pri:0, instance:com.qa.TNTestCases.TNTestCases@534a5a98]" started-at="2024-01-07T18:48:39 EST" name="loginWithValidCredentials" finished-at="2024-01-07T18:48:41 EST" duration-ms="2022" status="PASS">
          <reporter-output>
          </reporter-output>
        </test-method> <!-- loginWithValidCredentials -->
        <test-method is-config="true" signature="teardown()[pri:0, instance:com.qa.TNTestCases.TNTestCases@534a5a98]" started-at="2024-01-07T18:48:41 EST" name="teardown" finished-at="2024-01-07T18:48:41 EST" duration-ms="191" status="PASS">
          <reporter-output>
          </reporter-output>
        </test-method> <!-- teardown -->
      </class> <!-- com.qa.TNTestCases.TNTestCases -->
    </test> <!-- Default test -->
  </suite> <!-- Default suite -->
</testng-results>
